113.05.02 13:15 B d:\meusdoc\meus sites\programas\cri-areaii-coord_arquivos\_vti_cnf\image016.jpg --> www.movimentodeirmaos.com.br /www/programas/cri-areaii-coord_arquivos/_vti_cnf image016.jpg
113.05.02 13:15 B d:\meusdoc\meus sites\programas\cri-areaii-coord_arquivos\_vti_cnf\image015.jpg --> www.movimentodeirmaos.com.br /www/programas/cri-areaii-coord_arquivos/_vti_cnf image015.jpg
113.05.02 13:15 B d:\meusdoc\meus sites\programas\cri-areaii-coord_arquivos\_vti_cnf\image014.jpg --> www.movimentodeirmaos.com.br /www/programas/cri-areaii-coord_arquivos/_vti_cnf image014.jpg
113.05.02 13:15 B d:\meusdoc\meus sites\programas\cri-areaii-coord_arquivos\_vti_cnf\image013.jpg --> www.movimentodeirmaos.com.br /www/programas/cri-areaii-coord_arquivos/_vti_cnf image013.jpg
113.05.02 13:15 B d:\meusdoc\meus sites\programas\cri-areaii-coord_arquivos\_vti_cnf\image012.jpg --> www.movimentodeirmaos.com.br /www/programas/cri-areaii-coord_arquivos/_vti_cnf image012.jpg
113.05.02 13:15 B d:\meusdoc\meus sites\programas\cri-areaii-coord_arquivos\_vti_cnf\image011.jpg --> www.movimentodeirmaos.com.br /www/programas/cri-areaii-coord_arquivos/_vti_cnf image011.jpg
113.05.02 13:15 B d:\meusdoc\meus sites\programas\cri-areaii-coord_arquivos\_vti_cnf\image010.jpg --> www.movimentodeirmaos.com.br /www/programas/cri-areaii-coord_arquivos/_vti_cnf image010.jpg
113.05.02 13:15 B d:\meusdoc\meus sites\programas\cri-areaii-coord_arquivos\_vti_cnf\image009.jpg --> www.movimentodeirmaos.com.br /www/programas/cri-areaii-coord_arquivos/_vti_cnf image009.jpg
113.05.02 13:15 B d:\meusdoc\meus sites\programas\cri-areaii-coord_arquivos\_vti_cnf\image008.jpg --> www.movimentodeirmaos.com.br /www/programas/cri-areaii-coord_arquivos/_vti_cnf image008.jpg
113.05.02 13:15 B d:\meusdoc\meus sites\programas\cri-areaii-coord_arquivos\_vti_cnf\image007.jpg --> www.movimentodeirmaos.com.br /www/programas/cri-areaii-coord_arquivos/_vti_cnf image007.jpg
113.05.02 13:15 B d:\meusdoc\meus sites\programas\cri-areaii-coord_arquivos\_vti_cnf\image006.jpg --> www.movimentodeirmaos.com.br /www/programas/cri-areaii-coord_arquivos/_vti_cnf image006.jpg
113.05.02 13:15 B d:\meusdoc\meus sites\programas\cri-areaii-coord_arquivos\_vti_cnf\image005.jpg --> www.movimentodeirmaos.com.br /www/programas/cri-areaii-coord_arquivos/_vti_cnf image005.jpg
113.05.02 13:15 B d:\meusdoc\meus sites\programas\cri-areaii-coord_arquivos\_vti_cnf\image004.jpg --> www.movimentodeirmaos.com.br /www/programas/cri-areaii-coord_arquivos/_vti_cnf image004.jpg
113.05.02 13:15 B d:\meusdoc\meus sites\programas\cri-areaii-coord_arquivos\_vti_cnf\image003.jpg --> www.movimentodeirmaos.com.br /www/programas/cri-areaii-coord_arquivos/_vti_cnf image003.jpg
113.05.02 13:15 B d:\meusdoc\meus sites\programas\cri-areaii-coord_arquivos\_vti_cnf\image002.jpg --> www.movimentodeirmaos.com.br /www/programas/cri-areaii-coord_arquivos/_vti_cnf image002.jpg
113.05.02 13:15 B d:\meusdoc\meus sites\programas\cri-areaii-coord_arquivos\_vti_cnf\image001.jpg --> www.movimentodeirmaos.com.br /www/programas/cri-areaii-coord_arquivos/_vti_cnf image001.jpg
113.05.02 13:15 B d:\meusdoc\meus sites\programas\cri-areaii-coord_arquivos\_vti_cnf\filelist.xml --> www.movimentodeirmaos.com.br /www/programas/cri-areaii-coord_arquivos/_vti_cnf filelist.xml
113.05.02 13:15 B d:\meusdoc\meus sites\programas\cri-areaii-coord_arquivos\_vti_cnf\.fp_folder_info --> www.movimentodeirmaos.com.br /www/programas/cri-areaii-coord_arquivos/_vti_cnf .fp_folder_info
113.05.02 13:17 B d:\meusdoc\meus sites\programas\cri-areaii-coord_arquivos\_vti_cnf\WS_FTP.LOG --> www.movimentodeirmaos.com.br /www/programas/cri-areaii-coord_arquivos/_vti_cnf WS_FTP.LOG
113.05.02 13:17 B d:\meusdoc\meus sites\programas\cri-areaii-coord_arquivos\_vti_cnf\image016.jpg --> www.movimentodeirmaos.com.br /www/programas/cri-areaii-coord_arquivos/_vti_cnf image016.jpg
113.05.02 13:17 B d:\meusdoc\meus sites\programas\cri-areaii-coord_arquivos\_vti_cnf\image015.jpg --> www.movimentodeirmaos.com.br /www/programas/cri-areaii-coord_arquivos/_vti_cnf image015.jpg
113.05.02 13:17 B d:\meusdoc\meus sites\programas\cri-areaii-coord_arquivos\_vti_cnf\image014.jpg --> www.movimentodeirmaos.com.br /www/programas/cri-areaii-coord_arquivos/_vti_cnf image014.jpg
113.05.02 13:17 B d:\meusdoc\meus sites\programas\cri-areaii-coord_arquivos\_vti_cnf\image013.jpg --> www.movimentodeirmaos.com.br /www/programas/cri-areaii-coord_arquivos/_vti_cnf image013.jpg
113.05.02 13:17 B d:\meusdoc\meus sites\programas\cri-areaii-coord_arquivos\_vti_cnf\image012.jpg --> www.movimentodeirmaos.com.br /www/programas/cri-areaii-coord_arquivos/_vti_cnf image012.jpg
113.05.02 13:17 B d:\meusdoc\meus sites\programas\cri-areaii-coord_arquivos\_vti_cnf\image011.jpg --> www.movimentodeirmaos.com.br /www/programas/cri-areaii-coord_arquivos/_vti_cnf image011.jpg
113.05.02 13:17 B d:\meusdoc\meus sites\programas\cri-areaii-coord_arquivos\_vti_cnf\image010.jpg --> www.movimentodeirmaos.com.br /www/programas/cri-areaii-coord_arquivos/_vti_cnf image010.jpg
113.05.02 13:17 B d:\meusdoc\meus sites\programas\cri-areaii-coord_arquivos\_vti_cnf\image009.jpg --> www.movimentodeirmaos.com.br /www/programas/cri-areaii-coord_arquivos/_vti_cnf image009.jpg
113.05.02 13:17 B d:\meusdoc\meus sites\programas\cri-areaii-coord_arquivos\_vti_cnf\image008.jpg --> www.movimentodeirmaos.com.br /www/programas/cri-areaii-coord_arquivos/_vti_cnf image008.jpg
113.05.02 13:17 B d:\meusdoc\meus sites\programas\cri-areaii-coord_arquivos\_vti_cnf\image007.jpg --> www.movimentodeirmaos.com.br /www/programas/cri-areaii-coord_arquivos/_vti_cnf image007.jpg
113.05.02 13:17 B d:\meusdoc\meus sites\programas\cri-areaii-coord_arquivos\_vti_cnf\image006.jpg --> www.movimentodeirmaos.com.br /www/programas/cri-areaii-coord_arquivos/_vti_cnf image006.jpg
113.05.02 13:17 B d:\meusdoc\meus sites\programas\cri-areaii-coord_arquivos\_vti_cnf\image005.jpg --> www.movimentodeirmaos.com.br /www/programas/cri-areaii-coord_arquivos/_vti_cnf image005.jpg
113.05.02 13:17 B d:\meusdoc\meus sites\programas\cri-areaii-coord_arquivos\_vti_cnf\image004.jpg --> www.movimentodeirmaos.com.br /www/programas/cri-areaii-coord_arquivos/_vti_cnf image004.jpg
113.05.02 13:17 B d:\meusdoc\meus sites\programas\cri-areaii-coord_arquivos\_vti_cnf\image003.jpg --> www.movimentodeirmaos.com.br /www/programas/cri-areaii-coord_arquivos/_vti_cnf image003.jpg
113.05.02 13:17 B d:\meusdoc\meus sites\programas\cri-areaii-coord_arquivos\_vti_cnf\image002.jpg --> www.movimentodeirmaos.com.br /www/programas/cri-areaii-coord_arquivos/_vti_cnf image002.jpg
113.05.02 13:17 B d:\meusdoc\meus sites\programas\cri-areaii-coord_arquivos\_vti_cnf\image001.jpg --> www.movimentodeirmaos.com.br /www/programas/cri-areaii-coord_arquivos/_vti_cnf image001.jpg
113.05.02 13:17 B d:\meusdoc\meus sites\programas\cri-areaii-coord_arquivos\_vti_cnf\filelist.xml --> www.movimentodeirmaos.com.br /www/programas/cri-areaii-coord_arquivos/_vti_cnf filelist.xml
113.05.02 13:17 B d:\meusdoc\meus sites\programas\cri-areaii-coord_arquivos\_vti_cnf\.fp_folder_info --> www.movimentodeirmaos.com.br /www/programas/cri-areaii-coord_arquivos/_vti_cnf .fp_folder_info
115.01.14 17:02 B c:\temp\www\programas\cri-areaii-coord_arquivos\_vti_cnf\WS_FTP.LOG <-- MI /www/programas/cri-areaii-coord_arquivos/_vti_cnf WS_FTP.LOG
