115.01.14 10:29 B c:\temp\www\0000-fotos-diversas\060814-cri-areavi-coord-2000.JPG <-- MI /www/0000-fotos-diversas 060814-cri-areavi-coord-2000.JPG
115.01.14 10:29 B c:\temp\www\0000-fotos-diversas\1979_11.jpg <-- MI /www/0000-fotos-diversas 1979_11.jpg
115.01.14 10:29 B c:\temp\www\0000-fotos-diversas\1979_11_800x468.jpg <-- MI /www/0000-fotos-diversas 1979_11_800x468.jpg
115.01.14 10:29 B c:\temp\www\0000-fotos-diversas\1980-Dario-maria-reduz.jpg <-- MI /www/0000-fotos-diversas 1980-Dario-maria-reduz.jpg
115.01.14 10:29 B c:\temp\www\0000-fotos-diversas\1980-Dario-maria.jpg <-- MI /www/0000-fotos-diversas 1980-Dario-maria.jpg
115.01.14 10:29 B c:\temp\www\0000-fotos-diversas\1980_06 _800x554.jpg <-- MI /www/0000-fotos-diversas 1980_06 _800x554.jpg
115.01.14 10:29 B c:\temp\www\0000-fotos-diversas\1980_06.jpg <-- MI /www/0000-fotos-diversas 1980_06.jpg
115.01.14 10:29 B c:\temp\www\0000-fotos-diversas\1980_09.jpg <-- MI /www/0000-fotos-diversas 1980_09.jpg
115.01.14 10:30 B c:\temp\www\0000-fotos-diversas\1980_09_800x554.jpg <-- MI /www/0000-fotos-diversas 1980_09_800x554.jpg
115.01.14 10:30 B c:\temp\www\0000-fotos-diversas\1980_11_750x580.jpg <-- MI /www/0000-fotos-diversas 1980_11_750x580.jpg
115.01.14 10:30 B c:\temp\www\0000-fotos-diversas\1981_03_800.jpg <-- MI /www/0000-fotos-diversas 1981_03_800.jpg
115.01.14 10:30 B c:\temp\www\0000-fotos-diversas\1981_08_800.jpg <-- MI /www/0000-fotos-diversas 1981_08_800.jpg
115.01.14 10:30 B c:\temp\www\0000-fotos-diversas\1981_10_800.jpg <-- MI /www/0000-fotos-diversas 1981_10_800.jpg
115.01.14 10:30 B c:\temp\www\0000-fotos-diversas\1982-Fernando-elaine-reduz.jpg <-- MI /www/0000-fotos-diversas 1982-Fernando-elaine-reduz.jpg
115.01.14 10:30 B c:\temp\www\0000-fotos-diversas\1982-Fernando-elaine.jpg <-- MI /www/0000-fotos-diversas 1982-Fernando-elaine.jpg
115.01.14 10:30 B c:\temp\www\0000-fotos-diversas\1982_04_800.jpg <-- MI /www/0000-fotos-diversas 1982_04_800.jpg
115.01.14 10:30 B c:\temp\www\0000-fotos-diversas\1982_06_800.jpg <-- MI /www/0000-fotos-diversas 1982_06_800.jpg
115.01.14 10:30 B c:\temp\www\0000-fotos-diversas\1982_08_800.jpg <-- MI /www/0000-fotos-diversas 1982_08_800.jpg
115.01.14 10:30 B c:\temp\www\0000-fotos-diversas\1982_10_800.jpg <-- MI /www/0000-fotos-diversas 1982_10_800.jpg
115.01.14 10:30 B c:\temp\www\0000-fotos-diversas\1983-Valentin-ilza-reduz.jpg <-- MI /www/0000-fotos-diversas 1983-Valentin-ilza-reduz.jpg
115.01.14 10:30 B c:\temp\www\0000-fotos-diversas\1983-Valentin-ilza.jpg <-- MI /www/0000-fotos-diversas 1983-Valentin-ilza.jpg
115.01.14 10:30 B c:\temp\www\0000-fotos-diversas\1983_04_800.jpg <-- MI /www/0000-fotos-diversas 1983_04_800.jpg
115.01.14 10:30 B c:\temp\www\0000-fotos-diversas\1984-Vanio-jaine-reduz.jpg <-- MI /www/0000-fotos-diversas 1984-Vanio-jaine-reduz.jpg
115.01.14 10:30 B c:\temp\www\0000-fotos-diversas\1984-Vanio-jaine.jpg <-- MI /www/0000-fotos-diversas 1984-Vanio-jaine.jpg
115.01.14 10:30 B c:\temp\www\0000-fotos-diversas\1984_04_800.jpg <-- MI /www/0000-fotos-diversas 1984_04_800.jpg
115.01.14 10:30 B c:\temp\www\0000-fotos-diversas\1984_06_800.jpg <-- MI /www/0000-fotos-diversas 1984_06_800.jpg
115.01.14 10:30 B c:\temp\www\0000-fotos-diversas\1984_08_800.jpg <-- MI /www/0000-fotos-diversas 1984_08_800.jpg
115.01.14 10:30 B c:\temp\www\0000-fotos-diversas\1985-Vilmar-mirian-reduz.jpg <-- MI /www/0000-fotos-diversas 1985-Vilmar-mirian-reduz.jpg
115.01.14 10:30 B c:\temp\www\0000-fotos-diversas\1985-Vilmar-mirian.jpg <-- MI /www/0000-fotos-diversas 1985-Vilmar-mirian.jpg
115.01.14 10:30 B c:\temp\www\0000-fotos-diversas\1985_04.JPG_servico.jpg <-- MI /www/0000-fotos-diversas 1985_04.JPG_servico.jpg
115.01.14 10:30 B c:\temp\www\0000-fotos-diversas\1985_04.JPG_servico_800.jpg <-- MI /www/0000-fotos-diversas 1985_04.JPG_servico_800.jpg
115.01.14 10:30 B c:\temp\www\0000-fotos-diversas\1985_04_800.jpg <-- MI /www/0000-fotos-diversas 1985_04_800.jpg
115.01.14 10:30 B c:\temp\www\0000-fotos-diversas\1985_05_800.jpg <-- MI /www/0000-fotos-diversas 1985_05_800.jpg
115.01.14 10:30 B c:\temp\www\0000-fotos-diversas\1986-Vilson-nair-reduz.jpg <-- MI /www/0000-fotos-diversas 1986-Vilson-nair-reduz.jpg
115.01.14 10:30 B c:\temp\www\0000-fotos-diversas\1986-Vilson-nair.jpg <-- MI /www/0000-fotos-diversas 1986-Vilson-nair.jpg
115.01.14 10:30 B c:\temp\www\0000-fotos-diversas\1986_04_800.jpg <-- MI /www/0000-fotos-diversas 1986_04_800.jpg
115.01.14 10:30 B c:\temp\www\0000-fotos-diversas\1987-Edu-silesia-reduz-reduz.jpg <-- MI /www/0000-fotos-diversas 1987-Edu-silesia-reduz-reduz.jpg
115.01.14 10:30 B c:\temp\www\0000-fotos-diversas\1987-Edu-silesia-reduz.jpg <-- MI /www/0000-fotos-diversas 1987-Edu-silesia-reduz.jpg
115.01.14 10:30 B c:\temp\www\0000-fotos-diversas\1987-Edu-silesia.jpg <-- MI /www/0000-fotos-diversas 1987-Edu-silesia.jpg
115.01.14 10:30 B c:\temp\www\0000-fotos-diversas\1987_06_700.jpg <-- MI /www/0000-fotos-diversas 1987_06_700.jpg
115.01.14 10:30 B c:\temp\www\0000-fotos-diversas\1988-Valsir-zuleima-reduz.jpg <-- MI /www/0000-fotos-diversas 1988-Valsir-zuleima-reduz.jpg
115.01.14 10:30 B c:\temp\www\0000-fotos-diversas\1988-Valsir-zuleima.jpg <-- MI /www/0000-fotos-diversas 1988-Valsir-zuleima.jpg
115.01.14 10:30 B c:\temp\www\0000-fotos-diversas\1988_06_800.jpg <-- MI /www/0000-fotos-diversas 1988_06_800.jpg
115.01.14 10:30 B c:\temp\www\0000-fotos-diversas\1989-Romeu-nilza-reduz.jpg <-- MI /www/0000-fotos-diversas 1989-Romeu-nilza-reduz.jpg
115.01.14 10:30 B c:\temp\www\0000-fotos-diversas\1989-Romeu-nilza.jpg <-- MI /www/0000-fotos-diversas 1989-Romeu-nilza.jpg
115.01.14 10:31 B c:\temp\www\0000-fotos-diversas\1989_04_800.jpg <-- MI /www/0000-fotos-diversas 1989_04_800.jpg
115.01.14 10:31 B c:\temp\www\0000-fotos-diversas\1989_08_800.jpg <-- MI /www/0000-fotos-diversas 1989_08_800.jpg
115.01.14 10:31 B c:\temp\www\0000-fotos-diversas\1990-Valdemar-maria-reduz.jpg <-- MI /www/0000-fotos-diversas 1990-Valdemar-maria-reduz.jpg
115.01.14 10:31 B c:\temp\www\0000-fotos-diversas\1990-Valdemar-maria.jpg <-- MI /www/0000-fotos-diversas 1990-Valdemar-maria.jpg
115.01.14 10:31 B c:\temp\www\0000-fotos-diversas\1990_09_800.jpg <-- MI /www/0000-fotos-diversas 1990_09_800.jpg
115.01.14 10:31 B c:\temp\www\0000-fotos-diversas\1991-Salesio-leticia-reduz.jpg <-- MI /www/0000-fotos-diversas 1991-Salesio-leticia-reduz.jpg
115.01.14 10:31 B c:\temp\www\0000-fotos-diversas\1991-Salesio-leticia.jpg <-- MI /www/0000-fotos-diversas 1991-Salesio-leticia.jpg
115.01.14 10:31 B c:\temp\www\0000-fotos-diversas\1991_04_800.jpg <-- MI /www/0000-fotos-diversas 1991_04_800.jpg
115.01.14 10:31 B c:\temp\www\0000-fotos-diversas\1991_09_800.jpg <-- MI /www/0000-fotos-diversas 1991_09_800.jpg
115.01.14 10:31 B c:\temp\www\0000-fotos-diversas\1992-Vanio-rosane-reduz.jpg <-- MI /www/0000-fotos-diversas 1992-Vanio-rosane-reduz.jpg
115.01.14 10:31 B c:\temp\www\0000-fotos-diversas\1992-Vanio-rosane.jpg <-- MI /www/0000-fotos-diversas 1992-Vanio-rosane.jpg
115.01.14 10:31 B c:\temp\www\0000-fotos-diversas\1992_07_800.jpg <-- MI /www/0000-fotos-diversas 1992_07_800.jpg
115.01.14 10:31 B c:\temp\www\0000-fotos-diversas\1993-Nilo-felicia-reduz.jpg <-- MI /www/0000-fotos-diversas 1993-Nilo-felicia-reduz.jpg
115.01.14 10:31 B c:\temp\www\0000-fotos-diversas\1993-Nilo-felicia.jpg <-- MI /www/0000-fotos-diversas 1993-Nilo-felicia.jpg
115.01.14 10:31 B c:\temp\www\0000-fotos-diversas\1993_04_800.jpg <-- MI /www/0000-fotos-diversas 1993_04_800.jpg
115.01.14 10:31 B c:\temp\www\0000-fotos-diversas\1994-Chelito-Darlete-reduz.jpg <-- MI /www/0000-fotos-diversas 1994-Chelito-Darlete-reduz.jpg
115.01.14 10:31 B c:\temp\www\0000-fotos-diversas\1994-Chelito-Darlete.jpg <-- MI /www/0000-fotos-diversas 1994-Chelito-Darlete.jpg
115.01.14 10:31 B c:\temp\www\0000-fotos-diversas\1994-Jorge-neca-reduz.jpg <-- MI /www/0000-fotos-diversas 1994-Jorge-neca-reduz.jpg
115.01.14 10:31 B c:\temp\www\0000-fotos-diversas\1994-Jorge-neca.jpg <-- MI /www/0000-fotos-diversas 1994-Jorge-neca.jpg
115.01.14 10:31 B c:\temp\www\0000-fotos-diversas\1994_05_800.jpg <-- MI /www/0000-fotos-diversas 1994_05_800.jpg
115.01.14 10:31 B c:\temp\www\0000-fotos-diversas\1995-Amilton-maryluci-reduz.jpg <-- MI /www/0000-fotos-diversas 1995-Amilton-maryluci-reduz.jpg
115.01.14 10:31 B c:\temp\www\0000-fotos-diversas\1995-Amilton-maryluci.jpg <-- MI /www/0000-fotos-diversas 1995-Amilton-maryluci.jpg
115.01.14 10:31 B c:\temp\www\0000-fotos-diversas\1995-Hylario-Terezinha-reduz.jpg <-- MI /www/0000-fotos-diversas 1995-Hylario-Terezinha-reduz.jpg
115.01.14 10:31 B c:\temp\www\0000-fotos-diversas\1995-Hylario-Terezinha.jpg <-- MI /www/0000-fotos-diversas 1995-Hylario-Terezinha.jpg
115.01.14 10:31 B c:\temp\www\0000-fotos-diversas\1995_04_800.jpg <-- MI /www/0000-fotos-diversas 1995_04_800.jpg
115.01.14 10:31 B c:\temp\www\0000-fotos-diversas\1995_06_800.jpg <-- MI /www/0000-fotos-diversas 1995_06_800.jpg
115.01.14 10:31 B c:\temp\www\0000-fotos-diversas\1996-Joelso-marinelsa-reduz.jpg <-- MI /www/0000-fotos-diversas 1996-Joelso-marinelsa-reduz.jpg
115.01.14 10:31 B c:\temp\www\0000-fotos-diversas\1996-Joelso-marinelsa.jpg <-- MI /www/0000-fotos-diversas 1996-Joelso-marinelsa.jpg
115.01.14 10:31 B c:\temp\www\0000-fotos-diversas\1996-Paulino-Gaudeti-reduz.jpg <-- MI /www/0000-fotos-diversas 1996-Paulino-Gaudeti-reduz.jpg
115.01.14 10:31 B c:\temp\www\0000-fotos-diversas\1996-Paulino-Gaudeti.jpg <-- MI /www/0000-fotos-diversas 1996-Paulino-Gaudeti.jpg
115.01.14 10:31 B c:\temp\www\0000-fotos-diversas\1996_06_800.jpg <-- MI /www/0000-fotos-diversas 1996_06_800.jpg
115.01.14 10:31 B c:\temp\www\0000-fotos-diversas\1996_09_800.jpg <-- MI /www/0000-fotos-diversas 1996_09_800.jpg
115.01.14 10:31 B c:\temp\www\0000-fotos-diversas\1997-Edvaldo-carmen-reduz.jpg <-- MI /www/0000-fotos-diversas 1997-Edvaldo-carmen-reduz.jpg
115.01.14 10:31 B c:\temp\www\0000-fotos-diversas\1997-Edvaldo-carmen.jpg <-- MI /www/0000-fotos-diversas 1997-Edvaldo-carmen.jpg
115.01.14 10:32 B c:\temp\www\0000-fotos-diversas\1997_06_800.jpg <-- MI /www/0000-fotos-diversas 1997_06_800.jpg
115.01.14 10:32 B c:\temp\www\0000-fotos-diversas\1998-Amilton-maria-reduz.jpg <-- MI /www/0000-fotos-diversas 1998-Amilton-maria-reduz.jpg
115.01.14 10:32 B c:\temp\www\0000-fotos-diversas\1998-Amilton-maria.jpg <-- MI /www/0000-fotos-diversas 1998-Amilton-maria.jpg
115.01.14 10:32 B c:\temp\www\0000-fotos-diversas\1998-Claudecir-Josane-reduz.jpg <-- MI /www/0000-fotos-diversas 1998-Claudecir-Josane-reduz.jpg
115.01.14 10:32 B c:\temp\www\0000-fotos-diversas\1998-Claudecir-Josane.jpg <-- MI /www/0000-fotos-diversas 1998-Claudecir-Josane.jpg
115.01.14 10:32 B c:\temp\www\0000-fotos-diversas\1998_08_800.jpg <-- MI /www/0000-fotos-diversas 1998_08_800.jpg
115.01.14 10:32 B c:\temp\www\0000-fotos-diversas\1999-Osvaldo-Fabiana-reduz.jpg <-- MI /www/0000-fotos-diversas 1999-Osvaldo-Fabiana-reduz.jpg
115.01.14 10:32 B c:\temp\www\0000-fotos-diversas\1999-Osvaldo-Fabiana.jpg <-- MI /www/0000-fotos-diversas 1999-Osvaldo-Fabiana.jpg
115.01.14 10:32 B c:\temp\www\0000-fotos-diversas\1999-Zelindo-Nica-reduz.jpg <-- MI /www/0000-fotos-diversas 1999-Zelindo-Nica-reduz.jpg
115.01.14 10:32 B c:\temp\www\0000-fotos-diversas\1999-Zelindo-Nica.jpg <-- MI /www/0000-fotos-diversas 1999-Zelindo-Nica.jpg
115.01.14 10:32 B c:\temp\www\0000-fotos-diversas\1999_06_800.jpg <-- MI /www/0000-fotos-diversas 1999_06_800.jpg
115.01.14 10:32 B c:\temp\www\0000-fotos-diversas\2000-Agostinho-luzia-reduz.jpg <-- MI /www/0000-fotos-diversas 2000-Agostinho-luzia-reduz.jpg
115.01.14 10:32 B c:\temp\www\0000-fotos-diversas\2000-Agostinho-luzia.jpg <-- MI /www/0000-fotos-diversas 2000-Agostinho-luzia.jpg
115.01.14 10:32 B c:\temp\www\0000-fotos-diversas\2000-Paulo-Iliete-reduz.jpg <-- MI /www/0000-fotos-diversas 2000-Paulo-Iliete-reduz.jpg
115.01.14 10:32 B c:\temp\www\0000-fotos-diversas\2000-Paulo-Iliete.jpg <-- MI /www/0000-fotos-diversas 2000-Paulo-Iliete.jpg
115.01.14 10:32 B c:\temp\www\0000-fotos-diversas\2000_09_800.jpg <-- MI /www/0000-fotos-diversas 2000_09_800.jpg
115.01.14 10:32 B c:\temp\www\0000-fotos-diversas\2001-Manoel-eliana-reduz.jpg <-- MI /www/0000-fotos-diversas 2001-Manoel-eliana-reduz.jpg
115.01.14 10:32 B c:\temp\www\0000-fotos-diversas\2001-Manoel-eliana.jpg <-- MI /www/0000-fotos-diversas 2001-Manoel-eliana.jpg
115.01.14 10:32 B c:\temp\www\0000-fotos-diversas\2001-Rafael-Salete-reduz.jpg <-- MI /www/0000-fotos-diversas 2001-Rafael-Salete-reduz.jpg
115.01.14 10:32 B c:\temp\www\0000-fotos-diversas\2001-Rafael-Salete.jpg <-- MI /www/0000-fotos-diversas 2001-Rafael-Salete.jpg
115.01.14 10:32 B c:\temp\www\0000-fotos-diversas\2001_08_800.jpg <-- MI /www/0000-fotos-diversas 2001_08_800.jpg
115.01.14 10:32 B c:\temp\www\0000-fotos-diversas\2002-pillon-ines-reduz.jpg <-- MI /www/0000-fotos-diversas 2002-pillon-ines-reduz.jpg
115.01.14 10:32 B c:\temp\www\0000-fotos-diversas\2002-pillon-ines.jpg <-- MI /www/0000-fotos-diversas 2002-pillon-ines.jpg
115.01.14 10:32 B c:\temp\www\0000-fotos-diversas\2002-Tales-Tina-reduz.jpg <-- MI /www/0000-fotos-diversas 2002-Tales-Tina-reduz.jpg
115.01.14 10:32 B c:\temp\www\0000-fotos-diversas\2002-Tales-Tina.jpg <-- MI /www/0000-fotos-diversas 2002-Tales-Tina.jpg
115.01.14 10:32 B c:\temp\www\0000-fotos-diversas\2002_07_800.jpg <-- MI /www/0000-fotos-diversas 2002_07_800.jpg
115.01.14 10:32 B c:\temp\www\0000-fotos-diversas\2003-anirto-lucia-reduz.jpg <-- MI /www/0000-fotos-diversas 2003-anirto-lucia-reduz.jpg
115.01.14 10:32 B c:\temp\www\0000-fotos-diversas\2003-anirto-lucia.jpg <-- MI /www/0000-fotos-diversas 2003-anirto-lucia.jpg
115.01.14 10:32 B c:\temp\www\0000-fotos-diversas\2003-rubens-arlete cópia.jpg <-- MI /www/0000-fotos-diversas 2003-rubens-arlete cópia.jpg
115.01.14 10:32 B c:\temp\www\0000-fotos-diversas\2003-rubens-arlete-reduz.jpg <-- MI /www/0000-fotos-diversas 2003-rubens-arlete-reduz.jpg
115.01.14 10:32 B c:\temp\www\0000-fotos-diversas\2003-rubens-arlete.jpg <-- MI /www/0000-fotos-diversas 2003-rubens-arlete.jpg
115.01.14 10:32 B c:\temp\www\0000-fotos-diversas\ademir-coord-area-I.jpg <-- MI /www/0000-fotos-diversas ademir-coord-area-I.jpg
115.01.14 10:32 B c:\temp\www\0000-fotos-diversas\cri-areaiii-nsnatividade-.jpg <-- MI /www/0000-fotos-diversas cri-areaiii-nsnatividade-.jpg
115.01.14 10:32 B c:\temp\www\0000-fotos-diversas\cri-areaiii-nsnatividade-padr.jpg <-- MI /www/0000-fotos-diversas cri-areaiii-nsnatividade-padr.jpg
115.01.14 10:32 B c:\temp\www\0000-fotos-diversas\cri-areaiii-scmaria.jpg <-- MI /www/0000-fotos-diversas cri-areaiii-scmaria.jpg
115.01.14 10:32 B c:\temp\www\0000-fotos-diversas\cri-areaiii-scmaria1.jpg <-- MI /www/0000-fotos-diversas cri-areaiii-scmaria1.jpg
115.01.14 10:32 B c:\temp\www\0000-fotos-diversas\cri-areaiii-sroque-padr.jpg <-- MI /www/0000-fotos-diversas cri-areaiii-sroque-padr.jpg
115.01.14 10:32 B c:\temp\www\0000-fotos-diversas\cri-areaiii-sroque.jpg <-- MI /www/0000-fotos-diversas cri-areaiii-sroque.jpg
115.01.14 10:32 B c:\temp\www\0000-fotos-diversas\cri-areaiv-nsaparecida.jpg <-- MI /www/0000-fotos-diversas cri-areaiv-nsaparecida.jpg
115.01.14 10:32 B c:\temp\www\0000-fotos-diversas\cri-areaiv-nscaravaggio-padr.jpg <-- MI /www/0000-fotos-diversas cri-areaiv-nscaravaggio-padr.jpg
115.01.14 10:32 B c:\temp\www\0000-fotos-diversas\cri-areaiv-nscaravaggio.jpg <-- MI /www/0000-fotos-diversas cri-areaiv-nscaravaggio.jpg
115.01.14 10:32 B c:\temp\www\0000-fotos-diversas\cri-areaiv-salexandre-padr.jpg <-- MI /www/0000-fotos-diversas cri-areaiv-salexandre-padr.jpg
115.01.14 10:32 B c:\temp\www\0000-fotos-diversas\cri-areaiv-salexandre.jpg <-- MI /www/0000-fotos-diversas cri-areaiv-salexandre.jpg
115.01.14 10:32 B c:\temp\www\0000-fotos-diversas\cri-areaiv-sjbatista-padr.jpg <-- MI /www/0000-fotos-diversas cri-areaiv-sjbatista-padr.jpg
115.01.14 10:32 B c:\temp\www\0000-fotos-diversas\cri-areaiv-sjbatista.jpg <-- MI /www/0000-fotos-diversas cri-areaiv-sjbatista.jpg
115.01.14 10:32 B c:\temp\www\0000-fotos-diversas\cri-areaiv-smarcos-padr.jpg <-- MI /www/0000-fotos-diversas cri-areaiv-smarcos-padr.jpg
115.01.14 10:33 B c:\temp\www\0000-fotos-diversas\cri-areaiv-smarcos.jpg <-- MI /www/0000-fotos-diversas cri-areaiv-smarcos.jpg
115.01.14 10:33 B c:\temp\www\0000-fotos-diversas\cri-areav-nsgloria-padr.jpg <-- MI /www/0000-fotos-diversas cri-areav-nsgloria-padr.jpg
115.01.14 10:33 B c:\temp\www\0000-fotos-diversas\cri-areav-nsgloria.jpg <-- MI /www/0000-fotos-diversas cri-areav-nsgloria.jpg
115.01.14 10:33 B c:\temp\www\0000-fotos-diversas\cri-areav-nsoracao-padr.jpg <-- MI /www/0000-fotos-diversas cri-areav-nsoracao-padr.jpg
115.01.14 10:33 B c:\temp\www\0000-fotos-diversas\cri-areav-nsoracao.jpg <-- MI /www/0000-fotos-diversas cri-areav-nsoracao.jpg
115.01.14 10:33 B c:\temp\www\0000-fotos-diversas\cri-areav-sroque-padr.jpg <-- MI /www/0000-fotos-diversas cri-areav-sroque-padr.jpg
115.01.14 10:33 B c:\temp\www\0000-fotos-diversas\cri-areav-sroque.jpg <-- MI /www/0000-fotos-diversas cri-areav-sroque.jpg
115.01.14 10:33 B c:\temp\www\0000-fotos-diversas\cri-areavi-nsmae-padr.jpg <-- MI /www/0000-fotos-diversas cri-areavi-nsmae-padr.jpg
115.01.14 10:33 B c:\temp\www\0000-fotos-diversas\cri-areavi-nsmae.jpg <-- MI /www/0000-fotos-diversas cri-areavi-nsmae.jpg
115.01.14 10:33 B c:\temp\www\0000-fotos-diversas\cri-areavi-sagr-fam-padr.jpg <-- MI /www/0000-fotos-diversas cri-areavi-sagr-fam-padr.jpg
115.01.14 10:33 B c:\temp\www\0000-fotos-diversas\cri-areavi-sagr-fam.jpg <-- MI /www/0000-fotos-diversas cri-areavi-sagr-fam.jpg
115.01.14 10:33 B c:\temp\www\0000-fotos-diversas\cri-areavi-srosa.jpg <-- MI /www/0000-fotos-diversas cri-areavi-srosa.jpg
115.01.14 10:33 B c:\temp\www\0000-fotos-diversas\cri-areavi-ssebastiao-padr.jpg <-- MI /www/0000-fotos-diversas cri-areavi-ssebastiao-padr.jpg
115.01.14 10:33 B c:\temp\www\0000-fotos-diversas\cri-areavi-ssebastiao.jpg <-- MI /www/0000-fotos-diversas cri-areavi-ssebastiao.jpg
115.01.14 10:33 B c:\temp\www\0000-fotos-diversas\cri-coord-areavi.JPG <-- MI /www/0000-fotos-diversas cri-coord-areavi.JPG
115.01.14 10:33 B c:\temp\www\0000-fotos-diversas\cri-par-nsfatima-padr.jpg <-- MI /www/0000-fotos-diversas cri-par-nsfatima-padr.jpg
115.01.14 10:33 B c:\temp\www\0000-fotos-diversas\cri-par-nsfatima.jpg <-- MI /www/0000-fotos-diversas cri-par-nsfatima.jpg
115.01.14 10:33 B c:\temp\www\0000-fotos-diversas\cri-par-nsgracas-padr.jpg <-- MI /www/0000-fotos-diversas cri-par-nsgracas-padr.jpg
115.01.14 10:33 B c:\temp\www\0000-fotos-diversas\cri-par-nsgracas.jpg <-- MI /www/0000-fotos-diversas cri-par-nsgracas.jpg
115.01.14 10:33 B c:\temp\www\0000-fotos-diversas\cri-par-sbarbara-padr.jpg <-- MI /www/0000-fotos-diversas cri-par-sbarbara-padr.jpg
115.01.14 10:33 B c:\temp\www\0000-fotos-diversas\cri-par-sbarbara.jpg <-- MI /www/0000-fotos-diversas cri-par-sbarbara.jpg
115.01.14 10:33 B c:\temp\www\0000-fotos-diversas\Dsc03519 Sala1 Asilo.jpg <-- MI /www/0000-fotos-diversas Dsc03519 Sala1 Asilo.jpg
115.01.14 10:33 B c:\temp\www\0000-fotos-diversas\flor_guadalupe.gif <-- MI /www/0000-fotos-diversas flor_guadalupe.gif
115.01.14 10:33 B c:\temp\www\0000-fotos-diversas\guadalupe.jpg <-- MI /www/0000-fotos-diversas guadalupe.jpg
115.01.14 10:33 B c:\temp\www\0000-fotos-diversas\logo-MI-reduz.jpg <-- MI /www/0000-fotos-diversas logo-MI-reduz.jpg
115.01.14 10:33 B c:\temp\www\0000-fotos-diversas\Logo-MI.jpg <-- MI /www/0000-fotos-diversas Logo-MI.jpg
115.01.14 10:33 B c:\temp\www\0000-fotos-diversas\lua.jpg <-- MI /www/0000-fotos-diversas lua.jpg
115.01.14 10:33 B c:\temp\www\0000-fotos-diversas\maos_postas.jpg <-- MI /www/0000-fotos-diversas maos_postas.jpg
115.01.14 10:33 B c:\temp\www\0000-fotos-diversas\Monsenhor.jpg <-- MI /www/0000-fotos-diversas Monsenhor.jpg
115.01.14 10:33 B c:\temp\www\0000-fotos-diversas\NEW06.GIF <-- MI /www/0000-fotos-diversas NEW06.GIF
115.01.14 10:33 B c:\temp\www\0000-fotos-diversas\Paróquia São José Murialdo - Padroeiro.jpg <-- MI /www/0000-fotos-diversas Paróquia São José Murialdo - Padroeiro.jpg
115.01.14 10:33 B c:\temp\www\0000-fotos-diversas\Paróquia São José Murialdo.jpg <-- MI /www/0000-fotos-diversas Paróquia São José Murialdo.jpg
115.01.14 10:33 B c:\temp\www\0000-fotos-diversas\perdoai.jpg <-- MI /www/0000-fotos-diversas perdoai.jpg
115.01.14 10:33 B c:\temp\www\0000-fotos-diversas\pieta.jpg <-- MI /www/0000-fotos-diversas pieta.jpg
115.01.14 10:33 B c:\temp\www\0000-fotos-diversas\Sem título-1.psd.gif <-- MI /www/0000-fotos-diversas Sem título-1.psd.gif
115.01.14 10:33 B c:\temp\www\0000-fotos-diversas\shalom.gif <-- MI /www/0000-fotos-diversas shalom.gif
115.01.14 10:33 B c:\temp\www\0000-fotos-diversas\shalom1.gif <-- MI /www/0000-fotos-diversas shalom1.gif
115.01.14 10:33 B c:\temp\www\0000-fotos-diversas\sta felic.jpg <-- MI /www/0000-fotos-diversas sta felic.jpg
115.01.14 10:33 B c:\temp\www\0000-fotos-diversas\TESTE.jpg <-- MI /www/0000-fotos-diversas TESTE.jpg
115.01.14 10:33 B c:\temp\www\0000-fotos-diversas\Thumbs.db <-- MI /www/0000-fotos-diversas Thumbs.db
115.01.14 10:33 B c:\temp\www\0000-fotos-diversas\tub-areai-humaita-arrast-kilo-001.JPG <-- MI /www/0000-fotos-diversas tub-areai-humaita-arrast-kilo-001.JPG
115.01.14 10:33 B c:\temp\www\0000-fotos-diversas\tub-areai-humaita-arrast-kilo-002.JPG <-- MI /www/0000-fotos-diversas tub-areai-humaita-arrast-kilo-002.JPG
115.01.14 10:33 B c:\temp\www\0000-fotos-diversas\uru-matriz1.jpg <-- MI /www/0000-fotos-diversas uru-matriz1.jpg
115.01.14 10:33 B c:\temp\www\0000-fotos-diversas\uru-padroeira.jpg <-- MI /www/0000-fotos-diversas uru-padroeira.jpg
